[debug] > Exec(early(addDefaultCommands), None, None)
[debug] > Exec(addDefaultCommands, None, None)
[debug] > Exec(early(initialize), None, None)
[debug] > Exec(initialize, None, None)
[debug] > Exec(early(addPluginSbtFile="""C:\Users\miste\AppData\Local\Temp\idea21565.sbt"""), None, None)
[debug] > Exec(addPluginSbtFile="""C:\Users\miste\AppData\Local\Temp\idea21565.sbt""", None, None)
[debug] > Exec(boot, None, None)
[debug] > Exec(writeSbtVersion, None, None)
[debug] > Exec(reload, None, None)
[debug] > Exec(sbtStashOnFailure, None, None)
[debug] > Exec(onFailure loadFailed, None, None)
[debug] > Exec(loadp, None, None)
[info] welcome to sbt 1.6.2 (AdoptOpenJDK Java 11.0.8)
[debug]       Load.loadUnit: plugins took 87.691ms
[debug]       Load.loadUnit: defsScala took 0.249ms
[debug] [Loading] Scanning directory C:\Users\miste\.sbt\1.0\plugins
[debug] [Loading] Found non-root projects 
[debug] [Loading] Done in C:\Users\miste\.sbt\1.0\plugins, returning: ()
[debug] deducing auto plugins based on known facts Set(Atom(sbt.plugins.CorePlugin)) and clauses Clauses(Clause(Atom(sbt.plugins.JvmPlugin),Set(Atom(sbt.plugins.IvyPlugin)))
[debug] Clause(Atom(sbt.ScriptedPlugin),Set(Atom(sbt.plugins.JvmPlugin)))
[debug] Clause(Atom(sbt.plugins.SbtPlugin),Set(Atom(sbt.ScriptedPlugin)))
[debug] Clause(Atom(sbt.plugins.SemanticdbPlugin),Set(Atom(sbt.plugins.JvmPlugin)))
[debug] Clause(Atom(sbt.plugins.JUnitXmlReportPlugin),Set(Atom(sbt.plugins.JvmPlugin)))
[debug] Clause(Atom(sbt.plugins.MiniDependencyTreePlugin),Set(Atom(sbt.plugins.JvmPlugin)))
[debug] Clause(Atom(sbt.plugins.CorePlugin),Set(Atom(sbt.plugins.IvyPlugin)))
[debug] Clause(Atom(sbt.plugins.IvyPlugin),Set(Atom(sbt.plugins.JvmPlugin)))
[debug] Clause(Atom(sbt.plugins.JvmPlugin),Set(Atom(sbt.plugins.SemanticdbPlugin)))
[debug] Clause(Atom(sbt.plugins.JvmPlugin),Set(Atom(sbt.plugins.JUnitXmlReportPlugin)))
[debug] Clause(Atom(sbt.plugins.CorePlugin),Set(Atom(sbt.plugins.Giter8TemplatePlugin)))
[debug] Clause(Atom(sbt.plugins.JvmPlugin),Set(Atom(sbt.plugins.MiniDependencyTreePlugin))))
[debug]   :: deduced result: Matched(sbt.plugins.CorePlugin,sbt.plugins.Giter8TemplatePlugin,sbt.plugins.IvyPlugin,sbt.plugins.JvmPlugin,sbt.plugins.MiniDependencyTreePlugin,sbt.plugins.JUnitXmlReportPlugin,sbt.plugins.SemanticdbPlugin)
[debug] Plugins.deducer#function took 12.7811 ms
[debug]           Load.resolveProject(global-plugins) took 35.9132ms
[debug]         Load.loadTransitive: finalizeProject(Project(id global-plugins, base: C:\Users\miste\.sbt\1.0\plugins, plugins: List(<none>))) took 72.641ms
[debug] [Loading] Done in C:\Users\miste\.sbt\1.0\plugins, returning: (global-plugins)
[debug]       Load.loadUnit: loadedProjectsRaw took 91.207ms
[debug]       Load.loadUnit: cleanEvalClasses took 0.1654ms
[debug]     Load.loadUnit(file:/C:/Users/miste/.sbt/1.0/plugins/, ...) took 185.9311ms
[debug]   Load.apply: load took 319.8264ms
[debug]   Load.apply: resolveProjects took 5.2572ms
[debug]   Load.apply: finalTransforms took 49.5344ms
[debug]   Load.apply: config.delegates took 6.5126ms
[debug]   Load.apply: Def.make(settings)... took 351.2849ms
[debug]   Load.apply: structureIndex took 95.2575ms
[debug]   Load.apply: mkStreams took 1.6551ms
[info] loading global plugins from C:\Users\miste\.sbt\1.0\plugins
[debug] Running task... Cancel: Signal, check cycles: false, forcegc: true
[debug] Load.defaultLoad until apply took 2198.3415ms
[debug]           Load.loadUnit: plugins took 19.9828ms
[debug]           Load.loadUnit: defsScala took 0.0043ms
[debug] [Loading] Scanning directory D:\COURS-EFREI M1\Functional programming with Scala\ScalaProject\project
[debug]             Load.loadUnit: mkEval took 6.1563ms
[debug] [Loading] Found non-root projects 
[debug] [Loading] Done in D:\COURS-EFREI M1\Functional programming with Scala\ScalaProject\project, returning: ()
[debug] deducing auto plugins based on known facts Set(Atom(sbt.plugins.CorePlugin)) and clauses Clauses(Clause(Atom(sbt.plugins.JvmPlugin),Set(Atom(sbt.plugins.IvyPlugin)))
[debug] Clause(Atom(sbt.ScriptedPlugin),Set(Atom(sbt.plugins.JvmPlugin)))
[debug] Clause(Atom(sbt.plugins.SbtPlugin),Set(Atom(sbt.ScriptedPlugin)))
[debug] Clause(Atom(sbt.plugins.SemanticdbPlugin),Set(Atom(sbt.plugins.JvmPlugin)))
[debug] Clause(Atom(sbt.plugins.JUnitXmlReportPlugin),Set(Atom(sbt.plugins.JvmPlugin)))
[debug] Clause(Atom(sbt.plugins.MiniDependencyTreePlugin),Set(Atom(sbt.plugins.JvmPlugin)))
[debug] Clause(Atom(sbt.plugins.CorePlugin),Set(Atom(sbt.plugins.IvyPlugin)))
[debug] Clause(Atom(sbt.plugins.IvyPlugin),Set(Atom(sbt.plugins.JvmPlugin)))
[debug] Clause(Atom(sbt.plugins.JvmPlugin),Set(Atom(sbt.plugins.SemanticdbPlugin)))
[debug] Clause(Atom(sbt.plugins.JvmPlugin),Set(Atom(sbt.plugins.JUnitXmlReportPlugin)))
[debug] Clause(Atom(sbt.plugins.CorePlugin),Set(Atom(sbt.plugins.Giter8TemplatePlugin)))
[debug] Clause(Atom(sbt.plugins.JvmPlugin),Set(Atom(sbt.plugins.MiniDependencyTreePlugin))))
[debug]   :: deduced result: Matched(sbt.plugins.CorePlugin,sbt.plugins.Giter8TemplatePlugin,sbt.plugins.IvyPlugin,sbt.plugins.JvmPlugin,sbt.plugins.MiniDependencyTreePlugin,sbt.plugins.JUnitXmlReportPlugin,sbt.plugins.SemanticdbPlugin)
[debug] Plugins.deducer#function took 2.0787 ms
[info] loading settings for project scalaproject-build from idea21565.sbt ...
[debug]               Load.resolveProject(scalaproject-build) took 2.627ms
[debug]             Load.loadTransitive: finalizeProject(Project(id scalaproject-build, base: D:\COURS-EFREI M1\Functional programming with Scala\ScalaProject\project, plugins: List(<none>))) took 5.1909ms
[debug] [Loading] Done in D:\COURS-EFREI M1\Functional programming with Scala\ScalaProject\project, returning: (scalaproject-build)
[debug]           Load.loadUnit: loadedProjectsRaw took 112.2802ms
[debug]           Load.loadUnit: cleanEvalClasses took 4.0699ms
[debug]         Load.loadUnit(file:/D:/COURS-EFREI%20M1/Functional%20programming%20with%20Scala/ScalaProject/project/, ...) took 137.2896ms
[debug]       Load.apply: load took 138.4634ms
[debug]       Load.apply: resolveProjects took 0.0893ms
[debug]       Load.apply: finalTransforms took 8.4801ms
[debug]       Load.apply: config.delegates took 0.4133ms
[debug]       Load.apply: Def.make(settings)... took 79.4884ms
[debug]       Load.apply: structureIndex took 28.2327ms
[debug]       Load.apply: mkStreams took 0.0026ms
[info] loading project definition from D:\COURS-EFREI M1\Functional programming with Scala\ScalaProject\project
[debug] Running task... Cancel: Signal, check cycles: false, forcegc: true
[debug]     Load.loadUnit: plugins took 498.1194ms
[debug]     Load.loadUnit: defsScala took 0.0029ms
[debug] [Loading] Scanning directory D:\COURS-EFREI M1\Functional programming with Scala\ScalaProject
[debug]       Load.loadUnit: mkEval took 0.2946ms
[debug] [Loading] Found root project root w/ remaining 
[debug] deducing auto plugins based on known facts Set(Atom(sbt.plugins.CorePlugin)) and clauses Clauses(Clause(Atom(sbt.plugins.JvmPlugin),Set(Atom(sbt.plugins.IvyPlugin)))
[debug] Clause(Atom(sbt.ScriptedPlugin),Set(Atom(sbt.plugins.JvmPlugin)))
[debug] Clause(Atom(sbt.plugins.SbtPlugin),Set(Atom(sbt.ScriptedPlugin)))
[debug] Clause(Atom(sbt.plugins.SemanticdbPlugin),Set(Atom(sbt.plugins.JvmPlugin)))
[debug] Clause(Atom(sbt.plugins.JUnitXmlReportPlugin),Set(Atom(sbt.plugins.JvmPlugin)))
[debug] Clause(Atom(sbt.plugins.MiniDependencyTreePlugin),Set(Atom(sbt.plugins.JvmPlugin)))
[debug] Clause(Atom(org.jetbrains.sbt.StructurePlugin),Set(Atom(sbt.plugins.JvmPlugin)))
[debug] Clause(Atom(org.jetbrains.sbt.IdeaShellPlugin),Set(Atom(sbt.plugins.JvmPlugin)))
[debug] Clause(Atom(org.jetbrains.sbt.indices.SbtIntellijIndicesPlugin),Set(Atom(sbt.plugins.JvmPlugin)))
[debug] Clause(Atom(sbt.plugins.CorePlugin),Set(Atom(sbt.plugins.IvyPlugin)))
[debug] Clause(Atom(sbt.plugins.IvyPlugin),Set(Atom(sbt.plugins.JvmPlugin)))
[debug] Clause(Atom(sbt.plugins.JvmPlugin),Set(Atom(sbt.plugins.SemanticdbPlugin)))
[debug] Clause(Atom(sbt.plugins.JvmPlugin),Set(Atom(sbt.plugins.JUnitXmlReportPlugin)))
[debug] Clause(Atom(sbt.plugins.CorePlugin),Set(Atom(sbt.plugins.Giter8TemplatePlugin)))
[debug] Clause(Atom(sbt.plugins.JvmPlugin),Set(Atom(sbt.plugins.MiniDependencyTreePlugin)))
[debug] Clause(Atom(sbt.plugins.JvmPlugin),Set(Atom(org.jetbrains.sbt.StructurePlugin)))
[debug] Clause(Atom(sbt.plugins.JvmPlugin),Set(Atom(org.jetbrains.sbt.IdeaShellPlugin)))
[debug] Clause(And(Set(Atom(sbt.plugins.CorePlugin), Atom(sbt.plugins.JvmPlugin))),Set(Atom(org.jetbrains.sbt.indices.SbtIntellijIndicesPlugin))))
[debug]   :: deduced result: Matched(sbt.plugins.CorePlugin,sbt.plugins.Giter8TemplatePlugin,sbt.plugins.IvyPlugin,sbt.plugins.JvmPlugin,sbt.plugins.SemanticdbPlugin,org.jetbrains.sbt.indices.SbtIntellijIndicesPlugin,sbt.plugins.JUnitXmlReportPlugin,org.jetbrains.sbt.IdeaShellPlugin,org.jetbrains.sbt.StructurePlugin,sbt.plugins.MiniDependencyTreePlugin)
[debug] Plugins.deducer#function took 2.7038 ms
[info] loading settings for project root from build.sbt ...
[debug]         Load.resolveProject(root) took 33.9499ms
[debug]       Load.loadTransitive: finalizeProject(Project(id root, base: D:\COURS-EFREI M1\Functional programming with Scala\ScalaProject, plugins: List(<none>))) took 38.5036ms
[debug] [Loading] Done in D:\COURS-EFREI M1\Functional programming with Scala\ScalaProject, returning: (root)
[debug]     Load.loadUnit: loadedProjectsRaw took 126.3775ms
[debug]     Load.loadUnit: cleanEvalClasses took 4.3063ms
[debug]   Load.loadUnit(file:/D:/COURS-EFREI%20M1/Functional%20programming%20with%20Scala/ScalaProject/, ...) took 629.4051ms
[debug] Load.apply: load took 630.796ms
[debug] Load.apply: resolveProjects took 0.1138ms
[debug] Load.apply: finalTransforms took 24.6512ms
[debug] Load.apply: config.delegates took 0.2667ms
[debug] Load.apply: Def.make(settings)... took 63.5073ms
[debug] Load.apply: structureIndex took 27.0135ms
[debug] Load.apply: mkStreams took 0.002ms
[info] set current project to ScalaProject (in build file:/D:/COURS-EFREI%20M1/Functional%20programming%20with%20Scala/ScalaProject/)
[debug] > Exec(sbtPopOnFailure, None, None)
[debug] > Exec(resumeFromFailure, None, None)
[debug] > Exec(notifyUsersAboutShell, None, None)
[debug] > Exec(iflast shell, None, None)
[debug] > Exec(; set ideaPort in Global := 60065 ; idea-shell, None, None)
[debug] > Exec(set ideaPort in Global := 60065, None, None)
[info] Defining Global / ideaPort
[info] The new value will be used by Compile / compile, Test / compile
[debug] Defining 
[debug] 	Global / ideaPort
[debug] 
[debug] The new value will be used by 
[debug] 	Compile / compile
[debug] 	Test / compile
[info] Reapplying settings...
[info] set current project to ScalaProject (in build file:/D:/COURS-EFREI%20M1/Functional%20programming%20with%20Scala/ScalaProject/)
[debug] > Exec(idea-shell, None, None)
