[debug] > Exec(early(addDefaultCommands), None, None)
[debug] > Exec(addDefaultCommands, None, None)
[debug] > Exec(early(initialize), None, None)
[debug] > Exec(initialize, None, None)
[debug] > Exec(early(addPluginSbtFile="""C:\Users\miste\AppData\Local\Temp\idea.sbt"""), None, None)
[debug] > Exec(addPluginSbtFile="""C:\Users\miste\AppData\Local\Temp\idea.sbt""", None, None)
[debug] > Exec(boot, None, None)
[debug] > Exec(writeSbtVersion, None, None)
[debug] > Exec(reload, None, None)
[debug] > Exec(sbtStashOnFailure, None, None)
[debug] > Exec(onFailure loadFailed, None, None)
[debug] > Exec(loadp, None, None)
[info] welcome to sbt 1.6.2 (AdoptOpenJDK Java 11.0.8)
[debug]       Load.loadUnit: plugins took 62.6726ms
[debug]       Load.loadUnit: defsScala took 0.2029ms
[debug] [Loading] Scanning directory C:\Users\miste\.sbt\1.0\plugins
[debug] [Loading] Found non-root projects 
[debug] [Loading] Done in C:\Users\miste\.sbt\1.0\plugins, returning: ()
[debug] deducing auto plugins based on known facts Set(Atom(sbt.plugins.CorePlugin)) and clauses Clauses(Clause(Atom(sbt.plugins.JvmPlugin),Set(Atom(sbt.plugins.IvyPlugin)))
[debug] Clause(Atom(sbt.ScriptedPlugin),Set(Atom(sbt.plugins.JvmPlugin)))
[debug] Clause(Atom(sbt.plugins.SbtPlugin),Set(Atom(sbt.ScriptedPlugin)))
[debug] Clause(Atom(sbt.plugins.SemanticdbPlugin),Set(Atom(sbt.plugins.JvmPlugin)))
[debug] Clause(Atom(sbt.plugins.JUnitXmlReportPlugin),Set(Atom(sbt.plugins.JvmPlugin)))
[debug] Clause(Atom(sbt.plugins.MiniDependencyTreePlugin),Set(Atom(sbt.plugins.JvmPlugin)))
[debug] Clause(Atom(sbt.plugins.CorePlugin),Set(Atom(sbt.plugins.IvyPlugin)))
[debug] Clause(Atom(sbt.plugins.IvyPlugin),Set(Atom(sbt.plugins.JvmPlugin)))
[debug] Clause(Atom(sbt.plugins.JvmPlugin),Set(Atom(sbt.plugins.SemanticdbPlugin)))
[debug] Clause(Atom(sbt.plugins.JvmPlugin),Set(Atom(sbt.plugins.JUnitXmlReportPlugin)))
[debug] Clause(Atom(sbt.plugins.CorePlugin),Set(Atom(sbt.plugins.Giter8TemplatePlugin)))
[debug] Clause(Atom(sbt.plugins.JvmPlugin),Set(Atom(sbt.plugins.MiniDependencyTreePlugin))))
[debug]   :: deduced result: Matched(sbt.plugins.CorePlugin,sbt.plugins.Giter8TemplatePlugin,sbt.plugins.IvyPlugin,sbt.plugins.JvmPlugin,sbt.plugins.MiniDependencyTreePlugin,sbt.plugins.JUnitXmlReportPlugin,sbt.plugins.SemanticdbPlugin)
[debug] Plugins.deducer#function took 20.0819 ms
[debug]           Load.resolveProject(global-plugins) took 39.103ms
[debug]         Load.loadTransitive: finalizeProject(Project(id global-plugins, base: C:\Users\miste\.sbt\1.0\plugins, plugins: List(<none>))) took 83.875ms
[debug] [Loading] Done in C:\Users\miste\.sbt\1.0\plugins, returning: (global-plugins)
[debug]       Load.loadUnit: loadedProjectsRaw took 104.0933ms
[debug]       Load.loadUnit: cleanEvalClasses took 0.182ms
[debug]     Load.loadUnit(file:/C:/Users/miste/.sbt/1.0/plugins/, ...) took 173.3027ms
[debug]   Load.apply: load took 313.0232ms
[debug]   Load.apply: resolveProjects took 4.1758ms
[debug]   Load.apply: finalTransforms took 44.2229ms
[debug]   Load.apply: config.delegates took 6.942ms
[debug]   Load.apply: Def.make(settings)... took 347.3783ms
[debug]   Load.apply: structureIndex took 101.698ms
[debug]   Load.apply: mkStreams took 1.4295ms
[info] loading global plugins from C:\Users\miste\.sbt\1.0\plugins
[debug] Running task... Cancel: Signal, check cycles: false, forcegc: true
[debug] Load.defaultLoad until apply took 2226.6113ms
[debug]           Load.loadUnit: plugins took 21.9275ms
[debug]           Load.loadUnit: defsScala took 0.0059ms
[debug] [Loading] Scanning directory D:\COURS-EFREI M1\Functional programming with Scala\ScalaProject\project
[debug]             Load.loadUnit: mkEval took 6.285ms
[debug] [Loading] Found non-root projects 
[debug] [Loading] Done in D:\COURS-EFREI M1\Functional programming with Scala\ScalaProject\project, returning: ()
[debug] deducing auto plugins based on known facts Set(Atom(sbt.plugins.CorePlugin)) and clauses Clauses(Clause(Atom(sbt.plugins.JvmPlugin),Set(Atom(sbt.plugins.IvyPlugin)))
[debug] Clause(Atom(sbt.ScriptedPlugin),Set(Atom(sbt.plugins.JvmPlugin)))
[debug] Clause(Atom(sbt.plugins.SbtPlugin),Set(Atom(sbt.ScriptedPlugin)))
[debug] Clause(Atom(sbt.plugins.SemanticdbPlugin),Set(Atom(sbt.plugins.JvmPlugin)))
[debug] Clause(Atom(sbt.plugins.JUnitXmlReportPlugin),Set(Atom(sbt.plugins.JvmPlugin)))
[debug] Clause(Atom(sbt.plugins.MiniDependencyTreePlugin),Set(Atom(sbt.plugins.JvmPlugin)))
[debug] Clause(Atom(sbt.plugins.CorePlugin),Set(Atom(sbt.plugins.IvyPlugin)))
[debug] Clause(Atom(sbt.plugins.IvyPlugin),Set(Atom(sbt.plugins.JvmPlugin)))
[debug] Clause(Atom(sbt.plugins.JvmPlugin),Set(Atom(sbt.plugins.SemanticdbPlugin)))
[debug] Clause(Atom(sbt.plugins.JvmPlugin),Set(Atom(sbt.plugins.JUnitXmlReportPlugin)))
[debug] Clause(Atom(sbt.plugins.CorePlugin),Set(Atom(sbt.plugins.Giter8TemplatePlugin)))
[debug] Clause(Atom(sbt.plugins.JvmPlugin),Set(Atom(sbt.plugins.MiniDependencyTreePlugin))))
[debug]   :: deduced result: Matched(sbt.plugins.CorePlugin,sbt.plugins.Giter8TemplatePlugin,sbt.plugins.IvyPlugin,sbt.plugins.JvmPlugin,sbt.plugins.MiniDependencyTreePlugin,sbt.plugins.JUnitXmlReportPlugin,sbt.plugins.SemanticdbPlugin)
[debug] Plugins.deducer#function took 1.8478 ms
[info] loading settings for project scalaproject-build from idea.sbt ...
[debug]               Load.resolveProject(scalaproject-build) took 3.5879ms
[debug]             Load.loadTransitive: finalizeProject(Project(id scalaproject-build, base: D:\COURS-EFREI M1\Functional programming with Scala\ScalaProject\project, plugins: List(<none>))) took 6.0043ms
[debug] [Loading] Done in D:\COURS-EFREI M1\Functional programming with Scala\ScalaProject\project, returning: (scalaproject-build)
[debug]           Load.loadUnit: loadedProjectsRaw took 160.6819ms
[debug]           Load.loadUnit: cleanEvalClasses took 4.5333ms
[debug]         Load.loadUnit(file:/D:/COURS-EFREI%20M1/Functional%20programming%20with%20Scala/ScalaProject/project/, ...) took 188.3773ms
[debug]       Load.apply: load took 189.8694ms
[debug]       Load.apply: resolveProjects took 0.1107ms
[debug]       Load.apply: finalTransforms took 11.1315ms
[debug]       Load.apply: config.delegates took 0.4383ms
[debug]       Load.apply: Def.make(settings)... took 73.5888ms
[debug]       Load.apply: structureIndex took 24.8173ms
[debug]       Load.apply: mkStreams took 0.002ms
[info] loading project definition from D:\COURS-EFREI M1\Functional programming with Scala\ScalaProject\project
[debug] Running task... Cancel: Signal, check cycles: false, forcegc: true
[warn] Unrecognized repository Scala Plugin Bundled Repository, ignoring it
[warn] Unrecognized repository Scala Plugin Bundled Repository, ignoring it
[debug]     Load.loadUnit: plugins took 1582.1833ms
[debug]     Load.loadUnit: defsScala took 0.0028ms
[debug] [Loading] Scanning directory D:\COURS-EFREI M1\Functional programming with Scala\ScalaProject
[debug]       Load.loadUnit: mkEval took 0.2252ms
[debug] [Loading] Found root project root w/ remaining 
[debug] deducing auto plugins based on known facts Set(Atom(sbt.plugins.CorePlugin)) and clauses Clauses(Clause(Atom(sbt.plugins.JvmPlugin),Set(Atom(sbt.plugins.IvyPlugin)))
[debug] Clause(Atom(sbt.ScriptedPlugin),Set(Atom(sbt.plugins.JvmPlugin)))
[debug] Clause(Atom(sbt.plugins.SbtPlugin),Set(Atom(sbt.ScriptedPlugin)))
[debug] Clause(Atom(sbt.plugins.SemanticdbPlugin),Set(Atom(sbt.plugins.JvmPlugin)))
[debug] Clause(Atom(sbt.plugins.JUnitXmlReportPlugin),Set(Atom(sbt.plugins.JvmPlugin)))
[debug] Clause(Atom(sbt.plugins.MiniDependencyTreePlugin),Set(Atom(sbt.plugins.JvmPlugin)))
[debug] Clause(Atom(org.jetbrains.sbt.StructurePlugin),Set(Atom(sbt.plugins.JvmPlugin)))
[debug] Clause(Atom(org.jetbrains.sbt.IdeaShellPlugin),Set(Atom(sbt.plugins.JvmPlugin)))
[debug] Clause(Atom(org.jetbrains.sbt.indices.SbtIntellijIndicesPlugin),Set(Atom(sbt.plugins.JvmPlugin)))
[debug] Clause(Atom(sbt.plugins.CorePlugin),Set(Atom(sbt.plugins.IvyPlugin)))
[debug] Clause(Atom(sbt.plugins.IvyPlugin),Set(Atom(sbt.plugins.JvmPlugin)))
[debug] Clause(Atom(sbt.plugins.JvmPlugin),Set(Atom(sbt.plugins.SemanticdbPlugin)))
[debug] Clause(Atom(sbt.plugins.JvmPlugin),Set(Atom(sbt.plugins.JUnitXmlReportPlugin)))
[debug] Clause(Atom(sbt.plugins.CorePlugin),Set(Atom(sbt.plugins.Giter8TemplatePlugin)))
[debug] Clause(Atom(sbt.plugins.JvmPlugin),Set(Atom(sbt.plugins.MiniDependencyTreePlugin)))
[debug] Clause(Atom(sbt.plugins.JvmPlugin),Set(Atom(org.jetbrains.sbt.StructurePlugin)))
[debug] Clause(Atom(sbt.plugins.JvmPlugin),Set(Atom(org.jetbrains.sbt.IdeaShellPlugin)))
[debug] Clause(And(Set(Atom(sbt.plugins.CorePlugin), Atom(sbt.plugins.JvmPlugin))),Set(Atom(org.jetbrains.sbt.indices.SbtIntellijIndicesPlugin))))
[debug]   :: deduced result: Matched(sbt.plugins.CorePlugin,sbt.plugins.Giter8TemplatePlugin,sbt.plugins.IvyPlugin,sbt.plugins.JvmPlugin,sbt.plugins.SemanticdbPlugin,org.jetbrains.sbt.indices.SbtIntellijIndicesPlugin,sbt.plugins.JUnitXmlReportPlugin,org.jetbrains.sbt.IdeaShellPlugin,org.jetbrains.sbt.StructurePlugin,sbt.plugins.MiniDependencyTreePlugin)
[debug] Plugins.deducer#function took 1.7004 ms
[info] loading settings for project root from build.sbt ...
[debug]         Load.resolveProject(root) took 25.6492ms
[debug]       Load.loadTransitive: finalizeProject(Project(id root, base: D:\COURS-EFREI M1\Functional programming with Scala\ScalaProject, plugins: List(<none>))) took 29.0848ms
[debug] [Loading] Done in D:\COURS-EFREI M1\Functional programming with Scala\ScalaProject, returning: (root)
[debug]     Load.loadUnit: loadedProjectsRaw took 2563.1087ms
[debug]     Load.loadUnit: cleanEvalClasses took 7.8476ms
[debug]   Load.loadUnit(file:/D:/COURS-EFREI%20M1/Functional%20programming%20with%20Scala/ScalaProject/, ...) took 4153.7299ms
[debug] Load.apply: load took 4155.3237ms
[debug] Load.apply: resolveProjects took 0.1056ms
[debug] Load.apply: finalTransforms took 24.1144ms
[debug] Load.apply: config.delegates took 0.2732ms
[debug] Load.apply: Def.make(settings)... took 56.1193ms
[debug] Load.apply: structureIndex took 20.1482ms
[debug] Load.apply: mkStreams took 0.0019ms
[info] set current project to ScalaProject (in build file:/D:/COURS-EFREI%20M1/Functional%20programming%20with%20Scala/ScalaProject/)
[debug] > Exec(sbtPopOnFailure, None, None)
[debug] > Exec(resumeFromFailure, None, None)
[debug] > Exec(notifyUsersAboutShell, None, None)
[debug] > Exec(iflast shell, None, None)
[debug] > Exec(; set ideaPort in Global := 60065 ; idea-shell, None, None)
[debug] > Exec(set ideaPort in Global := 60065, None, None)
[info] Defining Global / ideaPort
[info] The new value will be used by Compile / compile, Test / compile
[debug] Defining 
[debug] 	Global / ideaPort
[debug] 
[debug] The new value will be used by 
[debug] 	Compile / compile
[debug] 	Test / compile
[info] Reapplying settings...
[info] set current project to ScalaProject (in build file:/D:/COURS-EFREI%20M1/Functional%20programming%20with%20Scala/ScalaProject/)
[debug] > Exec(idea-shell, None, None)
