[debug] > Exec(early(addDefaultCommands), None, None)
[debug] > Exec(addDefaultCommands, None, None)
[debug] > Exec(early(initialize), None, None)
[debug] > Exec(initialize, None, None)
[debug] > Exec(early(addPluginSbtFile="""C:\Users\miste\AppData\Local\Temp\idea2.sbt"""), None, None)
[debug] > Exec(addPluginSbtFile="""C:\Users\miste\AppData\Local\Temp\idea2.sbt""", None, None)
[debug] > Exec(boot, None, None)
[debug] > Exec(writeSbtVersion, None, None)
[debug] > Exec(reload, None, None)
[debug] > Exec(sbtStashOnFailure, None, None)
[debug] > Exec(onFailure loadFailed, None, None)
[debug] > Exec(loadp, None, None)
[info] welcome to sbt 1.6.2 (AdoptOpenJDK Java 11.0.8)
[debug]       Load.loadUnit: plugins took 117.1702ms
[debug]       Load.loadUnit: defsScala took 0.4432ms
[debug] [Loading] Scanning directory C:\Users\miste\.sbt\1.0\plugins
[debug] [Loading] Found non-root projects 
[debug] [Loading] Done in C:\Users\miste\.sbt\1.0\plugins, returning: ()
[debug] deducing auto plugins based on known facts Set(Atom(sbt.plugins.CorePlugin)) and clauses Clauses(Clause(Atom(sbt.plugins.JvmPlugin),Set(Atom(sbt.plugins.IvyPlugin)))
[debug] Clause(Atom(sbt.ScriptedPlugin),Set(Atom(sbt.plugins.JvmPlugin)))
[debug] Clause(Atom(sbt.plugins.SbtPlugin),Set(Atom(sbt.ScriptedPlugin)))
[debug] Clause(Atom(sbt.plugins.SemanticdbPlugin),Set(Atom(sbt.plugins.JvmPlugin)))
[debug] Clause(Atom(sbt.plugins.JUnitXmlReportPlugin),Set(Atom(sbt.plugins.JvmPlugin)))
[debug] Clause(Atom(sbt.plugins.MiniDependencyTreePlugin),Set(Atom(sbt.plugins.JvmPlugin)))
[debug] Clause(Atom(sbt.plugins.CorePlugin),Set(Atom(sbt.plugins.IvyPlugin)))
[debug] Clause(Atom(sbt.plugins.IvyPlugin),Set(Atom(sbt.plugins.JvmPlugin)))
[debug] Clause(Atom(sbt.plugins.JvmPlugin),Set(Atom(sbt.plugins.SemanticdbPlugin)))
[debug] Clause(Atom(sbt.plugins.JvmPlugin),Set(Atom(sbt.plugins.JUnitXmlReportPlugin)))
[debug] Clause(Atom(sbt.plugins.CorePlugin),Set(Atom(sbt.plugins.Giter8TemplatePlugin)))
[debug] Clause(Atom(sbt.plugins.JvmPlugin),Set(Atom(sbt.plugins.MiniDependencyTreePlugin))))
[debug]   :: deduced result: Matched(sbt.plugins.CorePlugin,sbt.plugins.Giter8TemplatePlugin,sbt.plugins.IvyPlugin,sbt.plugins.JvmPlugin,sbt.plugins.MiniDependencyTreePlugin,sbt.plugins.JUnitXmlReportPlugin,sbt.plugins.SemanticdbPlugin)
[debug] Plugins.deducer#function took 14.7702 ms
[debug]           Load.resolveProject(global-plugins) took 36.1485ms
[debug]         Load.loadTransitive: finalizeProject(Project(id global-plugins, base: C:\Users\miste\.sbt\1.0\plugins, plugins: List(<none>))) took 77.9534ms
[debug] [Loading] Done in C:\Users\miste\.sbt\1.0\plugins, returning: (global-plugins)
[debug]       Load.loadUnit: loadedProjectsRaw took 108.4234ms
[debug]       Load.loadUnit: cleanEvalClasses took 0.2244ms
[debug]     Load.loadUnit(file:/C:/Users/miste/.sbt/1.0/plugins/, ...) took 241.2558ms
[debug]   Load.apply: load took 432.4932ms
[debug]   Load.apply: resolveProjects took 5.1794ms
[debug]   Load.apply: finalTransforms took 59.0679ms
[debug]   Load.apply: config.delegates took 7.9207ms
[debug]   Load.apply: Def.make(settings)... took 369.4969ms
[debug]   Load.apply: structureIndex took 123.5418ms
[debug]   Load.apply: mkStreams took 2.0378ms
[info] loading global plugins from C:\Users\miste\.sbt\1.0\plugins
[debug] Running task... Cancel: Signal, check cycles: false, forcegc: true
[debug] Load.defaultLoad until apply took 2344.654ms
[debug]           Load.loadUnit: plugins took 25.0158ms
[debug]           Load.loadUnit: defsScala took 0.0042ms
[debug] [Loading] Scanning directory D:\COURS-EFREI M1\Functional programming with Scala\ScalaProject\project
[debug]             Load.loadUnit: mkEval took 6.2302ms
[debug] [Loading] Found non-root projects 
[debug] [Loading] Done in D:\COURS-EFREI M1\Functional programming with Scala\ScalaProject\project, returning: ()
[debug] deducing auto plugins based on known facts Set(Atom(sbt.plugins.CorePlugin)) and clauses Clauses(Clause(Atom(sbt.plugins.JvmPlugin),Set(Atom(sbt.plugins.IvyPlugin)))
[debug] Clause(Atom(sbt.ScriptedPlugin),Set(Atom(sbt.plugins.JvmPlugin)))
[debug] Clause(Atom(sbt.plugins.SbtPlugin),Set(Atom(sbt.ScriptedPlugin)))
[debug] Clause(Atom(sbt.plugins.SemanticdbPlugin),Set(Atom(sbt.plugins.JvmPlugin)))
[debug] Clause(Atom(sbt.plugins.JUnitXmlReportPlugin),Set(Atom(sbt.plugins.JvmPlugin)))
[debug] Clause(Atom(sbt.plugins.MiniDependencyTreePlugin),Set(Atom(sbt.plugins.JvmPlugin)))
[debug] Clause(Atom(sbt.plugins.CorePlugin),Set(Atom(sbt.plugins.IvyPlugin)))
[debug] Clause(Atom(sbt.plugins.IvyPlugin),Set(Atom(sbt.plugins.JvmPlugin)))
[debug] Clause(Atom(sbt.plugins.JvmPlugin),Set(Atom(sbt.plugins.SemanticdbPlugin)))
[debug] Clause(Atom(sbt.plugins.JvmPlugin),Set(Atom(sbt.plugins.JUnitXmlReportPlugin)))
[debug] Clause(Atom(sbt.plugins.CorePlugin),Set(Atom(sbt.plugins.Giter8TemplatePlugin)))
[debug] Clause(Atom(sbt.plugins.JvmPlugin),Set(Atom(sbt.plugins.MiniDependencyTreePlugin))))
[debug]   :: deduced result: Matched(sbt.plugins.CorePlugin,sbt.plugins.Giter8TemplatePlugin,sbt.plugins.IvyPlugin,sbt.plugins.JvmPlugin,sbt.plugins.MiniDependencyTreePlugin,sbt.plugins.JUnitXmlReportPlugin,sbt.plugins.SemanticdbPlugin)
[debug] Plugins.deducer#function took 1.6289 ms
[info] loading settings for project scalaproject-build from idea2.sbt ...
[debug]               Load.resolveProject(scalaproject-build) took 2.9915ms
[debug]             Load.loadTransitive: finalizeProject(Project(id scalaproject-build, base: D:\COURS-EFREI M1\Functional programming with Scala\ScalaProject\project, plugins: List(<none>))) took 5.13ms
[debug] [Loading] Done in D:\COURS-EFREI M1\Functional programming with Scala\ScalaProject\project, returning: (scalaproject-build)
[debug]           Load.loadUnit: loadedProjectsRaw took 136.586ms
[debug]           Load.loadUnit: cleanEvalClasses took 3.6612ms
[debug]         Load.loadUnit(file:/D:/COURS-EFREI%20M1/Functional%20programming%20with%20Scala/ScalaProject/project/, ...) took 166.3926ms
[debug]       Load.apply: load took 167.6707ms
[debug]       Load.apply: resolveProjects took 0.1113ms
[debug]       Load.apply: finalTransforms took 6.7796ms
[debug]       Load.apply: config.delegates took 0.3334ms
[debug]       Load.apply: Def.make(settings)... took 74.1136ms
[debug]       Load.apply: structureIndex took 33.0807ms
[debug]       Load.apply: mkStreams took 0.0032ms
[info] loading project definition from D:\COURS-EFREI M1\Functional programming with Scala\ScalaProject\project
[debug] Running task... Cancel: Signal, check cycles: false, forcegc: true
[debug]     Load.loadUnit: plugins took 594.9678ms
[debug]     Load.loadUnit: defsScala took 0.0027ms
[debug] [Loading] Scanning directory D:\COURS-EFREI M1\Functional programming with Scala\ScalaProject
[debug]       Load.loadUnit: mkEval took 0.2092ms
[debug] [Loading] Found root project root w/ remaining 
[debug] deducing auto plugins based on known facts Set(Atom(sbt.plugins.CorePlugin)) and clauses Clauses(Clause(Atom(sbt.plugins.JvmPlugin),Set(Atom(sbt.plugins.IvyPlugin)))
[debug] Clause(Atom(sbt.ScriptedPlugin),Set(Atom(sbt.plugins.JvmPlugin)))
[debug] Clause(Atom(sbt.plugins.SbtPlugin),Set(Atom(sbt.ScriptedPlugin)))
[debug] Clause(Atom(sbt.plugins.SemanticdbPlugin),Set(Atom(sbt.plugins.JvmPlugin)))
[debug] Clause(Atom(sbt.plugins.JUnitXmlReportPlugin),Set(Atom(sbt.plugins.JvmPlugin)))
[debug] Clause(Atom(sbt.plugins.MiniDependencyTreePlugin),Set(Atom(sbt.plugins.JvmPlugin)))
[debug] Clause(Atom(org.jetbrains.sbt.StructurePlugin),Set(Atom(sbt.plugins.JvmPlugin)))
[debug] Clause(Atom(org.jetbrains.sbt.IdeaShellPlugin),Set(Atom(sbt.plugins.JvmPlugin)))
[debug] Clause(Atom(org.jetbrains.sbt.indices.SbtIntellijIndicesPlugin),Set(Atom(sbt.plugins.JvmPlugin)))
[debug] Clause(Atom(sbt.plugins.CorePlugin),Set(Atom(sbt.plugins.IvyPlugin)))
[debug] Clause(Atom(sbt.plugins.IvyPlugin),Set(Atom(sbt.plugins.JvmPlugin)))
[debug] Clause(Atom(sbt.plugins.JvmPlugin),Set(Atom(sbt.plugins.SemanticdbPlugin)))
[debug] Clause(Atom(sbt.plugins.JvmPlugin),Set(Atom(sbt.plugins.JUnitXmlReportPlugin)))
[debug] Clause(Atom(sbt.plugins.CorePlugin),Set(Atom(sbt.plugins.Giter8TemplatePlugin)))
[debug] Clause(Atom(sbt.plugins.JvmPlugin),Set(Atom(sbt.plugins.MiniDependencyTreePlugin)))
[debug] Clause(Atom(sbt.plugins.JvmPlugin),Set(Atom(org.jetbrains.sbt.StructurePlugin)))
[debug] Clause(Atom(sbt.plugins.JvmPlugin),Set(Atom(org.jetbrains.sbt.IdeaShellPlugin)))
[debug] Clause(And(Set(Atom(sbt.plugins.CorePlugin), Atom(sbt.plugins.JvmPlugin))),Set(Atom(org.jetbrains.sbt.indices.SbtIntellijIndicesPlugin))))
[debug]   :: deduced result: Matched(sbt.plugins.CorePlugin,sbt.plugins.Giter8TemplatePlugin,sbt.plugins.IvyPlugin,sbt.plugins.JvmPlugin,sbt.plugins.SemanticdbPlugin,org.jetbrains.sbt.indices.SbtIntellijIndicesPlugin,sbt.plugins.JUnitXmlReportPlugin,org.jetbrains.sbt.IdeaShellPlugin,org.jetbrains.sbt.StructurePlugin,sbt.plugins.MiniDependencyTreePlugin)
[debug] Plugins.deducer#function took 2.8126 ms
[info] loading settings for project root from build.sbt ...
[debug]         Load.resolveProject(root) took 22.4746ms
[debug]       Load.loadTransitive: finalizeProject(Project(id root, base: D:\COURS-EFREI M1\Functional programming with Scala\ScalaProject, plugins: List(<none>))) took 27.0521ms
[debug] [Loading] Done in D:\COURS-EFREI M1\Functional programming with Scala\ScalaProject, returning: (root)
[debug]     Load.loadUnit: loadedProjectsRaw took 114.4333ms
[debug]     Load.loadUnit: cleanEvalClasses took 3.2104ms
[debug]   Load.loadUnit(file:/D:/COURS-EFREI%20M1/Functional%20programming%20with%20Scala/ScalaProject/, ...) took 713.1214ms
[debug] Load.apply: load took 714.5744ms
[debug] Load.apply: resolveProjects took 0.1125ms
[debug] Load.apply: finalTransforms took 22.2099ms
[debug] Load.apply: config.delegates took 0.4595ms
[debug] Load.apply: Def.make(settings)... took 69.9601ms
[debug] Load.apply: structureIndex took 23.6718ms
[debug] Load.apply: mkStreams took 0.0026ms
[info] set current project to ScalaProject (in build file:/D:/COURS-EFREI%20M1/Functional%20programming%20with%20Scala/ScalaProject/)
[debug] > Exec(sbtPopOnFailure, None, None)
[debug] > Exec(resumeFromFailure, None, None)
[debug] > Exec(notifyUsersAboutShell, None, None)
[debug] > Exec(iflast shell, None, None)
[debug] > Exec(; set ideaPort in Global := 60065 ; idea-shell, None, None)
[debug] > Exec(set ideaPort in Global := 60065, None, None)
[info] Defining Global / ideaPort
[info] The new value will be used by Compile / compile, Test / compile
[debug] Defining 
[debug] 	Global / ideaPort
[debug] 
[debug] The new value will be used by 
[debug] 	Compile / compile
[debug] 	Test / compile
[info] Reapplying settings...
[info] set current project to ScalaProject (in build file:/D:/COURS-EFREI%20M1/Functional%20programming%20with%20Scala/ScalaProject/)
[debug] > Exec(idea-shell, None, None)
