[debug] > Exec(early(addDefaultCommands), None, None)
[debug] > Exec(addDefaultCommands, None, None)
[debug] > Exec(early(initialize), None, None)
[debug] > Exec(initialize, None, None)
[debug] > Exec(early(addPluginSbtFile="""C:\Users\miste\AppData\Local\Temp\idea3.sbt"""), None, None)
[debug] > Exec(addPluginSbtFile="""C:\Users\miste\AppData\Local\Temp\idea3.sbt""", None, None)
[debug] > Exec(boot, None, None)
[debug] > Exec(writeSbtVersion, None, None)
[debug] > Exec(reload, None, None)
[debug] > Exec(sbtStashOnFailure, None, None)
[debug] > Exec(onFailure loadFailed, None, None)
[debug] > Exec(loadp, None, None)
[info] welcome to sbt 1.6.2 (AdoptOpenJDK Java 11.0.8)
[debug]       Load.loadUnit: plugins took 91.7054ms
[debug]       Load.loadUnit: defsScala took 0.2787ms
[debug] [Loading] Scanning directory C:\Users\miste\.sbt\1.0\plugins
[debug] [Loading] Found non-root projects 
[debug] [Loading] Done in C:\Users\miste\.sbt\1.0\plugins, returning: ()
[debug] deducing auto plugins based on known facts Set(Atom(sbt.plugins.CorePlugin)) and clauses Clauses(Clause(Atom(sbt.plugins.JvmPlugin),Set(Atom(sbt.plugins.IvyPlugin)))
[debug] Clause(Atom(sbt.ScriptedPlugin),Set(Atom(sbt.plugins.JvmPlugin)))
[debug] Clause(Atom(sbt.plugins.SbtPlugin),Set(Atom(sbt.ScriptedPlugin)))
[debug] Clause(Atom(sbt.plugins.SemanticdbPlugin),Set(Atom(sbt.plugins.JvmPlugin)))
[debug] Clause(Atom(sbt.plugins.JUnitXmlReportPlugin),Set(Atom(sbt.plugins.JvmPlugin)))
[debug] Clause(Atom(sbt.plugins.MiniDependencyTreePlugin),Set(Atom(sbt.plugins.JvmPlugin)))
[debug] Clause(Atom(sbt.plugins.CorePlugin),Set(Atom(sbt.plugins.IvyPlugin)))
[debug] Clause(Atom(sbt.plugins.IvyPlugin),Set(Atom(sbt.plugins.JvmPlugin)))
[debug] Clause(Atom(sbt.plugins.JvmPlugin),Set(Atom(sbt.plugins.SemanticdbPlugin)))
[debug] Clause(Atom(sbt.plugins.JvmPlugin),Set(Atom(sbt.plugins.JUnitXmlReportPlugin)))
[debug] Clause(Atom(sbt.plugins.CorePlugin),Set(Atom(sbt.plugins.Giter8TemplatePlugin)))
[debug] Clause(Atom(sbt.plugins.JvmPlugin),Set(Atom(sbt.plugins.MiniDependencyTreePlugin))))
[debug]   :: deduced result: Matched(sbt.plugins.CorePlugin,sbt.plugins.Giter8TemplatePlugin,sbt.plugins.IvyPlugin,sbt.plugins.JvmPlugin,sbt.plugins.MiniDependencyTreePlugin,sbt.plugins.JUnitXmlReportPlugin,sbt.plugins.SemanticdbPlugin)
[debug] Plugins.deducer#function took 11.7603 ms
[debug]           Load.resolveProject(global-plugins) took 34.4852ms
[debug]         Load.loadTransitive: finalizeProject(Project(id global-plugins, base: C:\Users\miste\.sbt\1.0\plugins, plugins: List(<none>))) took 65.8111ms
[debug] [Loading] Done in C:\Users\miste\.sbt\1.0\plugins, returning: (global-plugins)
[debug]       Load.loadUnit: loadedProjectsRaw took 81.8717ms
[debug]       Load.loadUnit: cleanEvalClasses took 0.2387ms
[debug]     Load.loadUnit(file:/C:/Users/miste/.sbt/1.0/plugins/, ...) took 183.5461ms
[debug]   Load.apply: load took 318.8082ms
[debug]   Load.apply: resolveProjects took 4.4144ms
[debug]   Load.apply: finalTransforms took 49.5527ms
[debug]   Load.apply: config.delegates took 6.1958ms
[debug]   Load.apply: Def.make(settings)... took 391.4435ms
[debug]   Load.apply: structureIndex took 100.5771ms
[debug]   Load.apply: mkStreams took 1.4796ms
[info] loading global plugins from C:\Users\miste\.sbt\1.0\plugins
[debug] Running task... Cancel: Signal, check cycles: false, forcegc: true
[debug] Load.defaultLoad until apply took 2347.5479ms
[debug]           Load.loadUnit: plugins took 29.8956ms
[debug]           Load.loadUnit: defsScala took 0.0055ms
[debug] [Loading] Scanning directory D:\COURS-EFREI M1\Functional programming with Scala\ScalaProject\project
[debug]             Load.loadUnit: mkEval took 7.3421ms
[debug] [Loading] Found non-root projects 
[debug] [Loading] Done in D:\COURS-EFREI M1\Functional programming with Scala\ScalaProject\project, returning: ()
[debug] deducing auto plugins based on known facts Set(Atom(sbt.plugins.CorePlugin)) and clauses Clauses(Clause(Atom(sbt.plugins.JvmPlugin),Set(Atom(sbt.plugins.IvyPlugin)))
[debug] Clause(Atom(sbt.ScriptedPlugin),Set(Atom(sbt.plugins.JvmPlugin)))
[debug] Clause(Atom(sbt.plugins.SbtPlugin),Set(Atom(sbt.ScriptedPlugin)))
[debug] Clause(Atom(sbt.plugins.SemanticdbPlugin),Set(Atom(sbt.plugins.JvmPlugin)))
[debug] Clause(Atom(sbt.plugins.JUnitXmlReportPlugin),Set(Atom(sbt.plugins.JvmPlugin)))
[debug] Clause(Atom(sbt.plugins.MiniDependencyTreePlugin),Set(Atom(sbt.plugins.JvmPlugin)))
[debug] Clause(Atom(sbt.plugins.CorePlugin),Set(Atom(sbt.plugins.IvyPlugin)))
[debug] Clause(Atom(sbt.plugins.IvyPlugin),Set(Atom(sbt.plugins.JvmPlugin)))
[debug] Clause(Atom(sbt.plugins.JvmPlugin),Set(Atom(sbt.plugins.SemanticdbPlugin)))
[debug] Clause(Atom(sbt.plugins.JvmPlugin),Set(Atom(sbt.plugins.JUnitXmlReportPlugin)))
[debug] Clause(Atom(sbt.plugins.CorePlugin),Set(Atom(sbt.plugins.Giter8TemplatePlugin)))
[debug] Clause(Atom(sbt.plugins.JvmPlugin),Set(Atom(sbt.plugins.MiniDependencyTreePlugin))))
[debug]   :: deduced result: Matched(sbt.plugins.CorePlugin,sbt.plugins.Giter8TemplatePlugin,sbt.plugins.IvyPlugin,sbt.plugins.JvmPlugin,sbt.plugins.MiniDependencyTreePlugin,sbt.plugins.JUnitXmlReportPlugin,sbt.plugins.SemanticdbPlugin)
[debug] Plugins.deducer#function took 1.9781 ms
[info] loading settings for project scalaproject-build from idea3.sbt ...
[debug]               Load.resolveProject(scalaproject-build) took 3.9473ms
[debug]             Load.loadTransitive: finalizeProject(Project(id scalaproject-build, base: D:\COURS-EFREI M1\Functional programming with Scala\ScalaProject\project, plugins: List(<none>))) took 6.4934ms
[debug] [Loading] Done in D:\COURS-EFREI M1\Functional programming with Scala\ScalaProject\project, returning: (scalaproject-build)
[debug]           Load.loadUnit: loadedProjectsRaw took 171.3886ms
[debug]           Load.loadUnit: cleanEvalClasses took 5.0749ms
[debug]         Load.loadUnit(file:/D:/COURS-EFREI%20M1/Functional%20programming%20with%20Scala/ScalaProject/project/, ...) took 207.6412ms
[debug]       Load.apply: load took 209.1622ms
[debug]       Load.apply: resolveProjects took 0.0958ms
[debug]       Load.apply: finalTransforms took 15.0767ms
[debug]       Load.apply: config.delegates took 0.6271ms
[debug]       Load.apply: Def.make(settings)... took 106.3865ms
[debug]       Load.apply: structureIndex took 37.5398ms
[debug]       Load.apply: mkStreams took 0.0027ms
[info] loading project definition from D:\COURS-EFREI M1\Functional programming with Scala\ScalaProject\project
[debug] Running task... Cancel: Signal, check cycles: false, forcegc: true
[debug]     Load.loadUnit: plugins took 689.3519ms
[debug]     Load.loadUnit: defsScala took 0.0031ms
[debug] [Loading] Scanning directory D:\COURS-EFREI M1\Functional programming with Scala\ScalaProject
[debug]       Load.loadUnit: mkEval took 0.2915ms
[debug] [Loading] Found root project root w/ remaining 
[debug] deducing auto plugins based on known facts Set(Atom(sbt.plugins.CorePlugin)) and clauses Clauses(Clause(Atom(sbt.plugins.JvmPlugin),Set(Atom(sbt.plugins.IvyPlugin)))
[debug] Clause(Atom(sbt.ScriptedPlugin),Set(Atom(sbt.plugins.JvmPlugin)))
[debug] Clause(Atom(sbt.plugins.SbtPlugin),Set(Atom(sbt.ScriptedPlugin)))
[debug] Clause(Atom(sbt.plugins.SemanticdbPlugin),Set(Atom(sbt.plugins.JvmPlugin)))
[debug] Clause(Atom(sbt.plugins.JUnitXmlReportPlugin),Set(Atom(sbt.plugins.JvmPlugin)))
[debug] Clause(Atom(sbt.plugins.MiniDependencyTreePlugin),Set(Atom(sbt.plugins.JvmPlugin)))
[debug] Clause(Atom(org.jetbrains.sbt.StructurePlugin),Set(Atom(sbt.plugins.JvmPlugin)))
[debug] Clause(Atom(org.jetbrains.sbt.IdeaShellPlugin),Set(Atom(sbt.plugins.JvmPlugin)))
[debug] Clause(Atom(org.jetbrains.sbt.indices.SbtIntellijIndicesPlugin),Set(Atom(sbt.plugins.JvmPlugin)))
[debug] Clause(Atom(sbt.plugins.CorePlugin),Set(Atom(sbt.plugins.IvyPlugin)))
[debug] Clause(Atom(sbt.plugins.IvyPlugin),Set(Atom(sbt.plugins.JvmPlugin)))
[debug] Clause(Atom(sbt.plugins.JvmPlugin),Set(Atom(sbt.plugins.SemanticdbPlugin)))
[debug] Clause(Atom(sbt.plugins.JvmPlugin),Set(Atom(sbt.plugins.JUnitXmlReportPlugin)))
[debug] Clause(Atom(sbt.plugins.CorePlugin),Set(Atom(sbt.plugins.Giter8TemplatePlugin)))
[debug] Clause(Atom(sbt.plugins.JvmPlugin),Set(Atom(sbt.plugins.MiniDependencyTreePlugin)))
[debug] Clause(Atom(sbt.plugins.JvmPlugin),Set(Atom(org.jetbrains.sbt.StructurePlugin)))
[debug] Clause(Atom(sbt.plugins.JvmPlugin),Set(Atom(org.jetbrains.sbt.IdeaShellPlugin)))
[debug] Clause(And(Set(Atom(sbt.plugins.CorePlugin), Atom(sbt.plugins.JvmPlugin))),Set(Atom(org.jetbrains.sbt.indices.SbtIntellijIndicesPlugin))))
[debug]   :: deduced result: Matched(sbt.plugins.CorePlugin,sbt.plugins.Giter8TemplatePlugin,sbt.plugins.IvyPlugin,sbt.plugins.JvmPlugin,sbt.plugins.SemanticdbPlugin,org.jetbrains.sbt.indices.SbtIntellijIndicesPlugin,sbt.plugins.JUnitXmlReportPlugin,org.jetbrains.sbt.IdeaShellPlugin,org.jetbrains.sbt.StructurePlugin,sbt.plugins.MiniDependencyTreePlugin)
[debug] Plugins.deducer#function took 2.9728 ms
[info] loading settings for project root from build.sbt ...
[debug]         Load.resolveProject(root) took 32.7346ms
[debug]       Load.loadTransitive: finalizeProject(Project(id root, base: D:\COURS-EFREI M1\Functional programming with Scala\ScalaProject, plugins: List(<none>))) took 37.5217ms
[debug] [Loading] Done in D:\COURS-EFREI M1\Functional programming with Scala\ScalaProject, returning: (root)
[debug]     Load.loadUnit: loadedProjectsRaw took 141.2432ms
[debug]     Load.loadUnit: cleanEvalClasses took 4.4296ms
[debug]   Load.loadUnit(file:/D:/COURS-EFREI%20M1/Functional%20programming%20with%20Scala/ScalaProject/, ...) took 835.6377ms
[debug] Load.apply: load took 837.3708ms
[debug] Load.apply: resolveProjects took 0.1429ms
[debug] Load.apply: finalTransforms took 28.1151ms
[debug] Load.apply: config.delegates took 0.528ms
[debug] Load.apply: Def.make(settings)... took 72.4593ms
[debug] Load.apply: structureIndex took 27.411ms
[debug] Load.apply: mkStreams took 0.0026ms
[info] set current project to ScalaProject (in build file:/D:/COURS-EFREI%20M1/Functional%20programming%20with%20Scala/ScalaProject/)
[debug] > Exec(sbtPopOnFailure, None, None)
[debug] > Exec(resumeFromFailure, None, None)
[debug] > Exec(notifyUsersAboutShell, None, None)
[debug] > Exec(iflast shell, None, None)
[debug] > Exec(; set ideaPort in Global := 60065 ; idea-shell, None, None)
[debug] > Exec(set ideaPort in Global := 60065, None, None)
[info] Defining Global / ideaPort
[info] The new value will be used by Compile / compile, Test / compile
[debug] Defining 
[debug] 	Global / ideaPort
[debug] 
[debug] The new value will be used by 
[debug] 	Compile / compile
[debug] 	Test / compile
[info] Reapplying settings...
[info] set current project to ScalaProject (in build file:/D:/COURS-EFREI%20M1/Functional%20programming%20with%20Scala/ScalaProject/)
[debug] > Exec(idea-shell, None, None)
[debug] > Exec(, None, None)
[debug] > Exec(idea-shell, None, None)
